2025-03-24 10:09:04 [background-preinit] INFO  o.h.validator.internal.util.Version - HV000001: Hibernate Validator 8.0.1.Final
2025-03-24 10:09:04 [main] INFO  c.example.project.ProjectApplication - Starting ProjectApplication using Java 17.0.14 with PID 8624 (D:\demo\target\classes started by User in D:\demo)
2025-03-24 10:09:04 [main] INFO  c.example.project.ProjectApplication - No active profile set, falling back to 1 default profile: "default"
2025-03-24 10:09:05 [main] INFO  o.s.d.r.c.RepositoryConfigurationDelegate - Bootstrapping Spring Data JPA repositories in DEFAULT mode.
2025-03-24 10:09:05 [main] INFO  o.s.d.r.c.RepositoryConfigurationDelegate - Finished Spring Data repository scanning in 81 ms. Found 3 JPA repository interfaces.
2025-03-24 10:09:06 [main] INFO  o.s.b.w.e.tomcat.TomcatWebServer - Tomcat initialized with port 8080 (http)
2025-03-24 10:09:06 [main] INFO  o.a.coyote.http11.Http11NioProtocol - Initializing ProtocolHandler ["http-nio-8080"]
2025-03-24 10:09:06 [main] INFO  o.a.catalina.core.StandardService - Starting service [Tomcat]
2025-03-24 10:09:06 [main] INFO  o.a.catalina.core.StandardEngine - Starting Servlet engine: [Apache Tomcat/10.1.34]
2025-03-24 10:09:07 [main] INFO  o.a.c.c.C.[Tomcat].[localhost].[/] - Initializing Spring embedded WebApplicationContext
2025-03-24 10:09:07 [main] INFO  o.s.b.w.s.c.ServletWebServerApplicationContext - Root WebApplicationContext: initialization completed in 2429 ms
2025-03-24 10:09:07 [main] INFO  o.h.jpa.internal.util.LogHelper - HHH000204: Processing PersistenceUnitInfo [name: default]
2025-03-24 10:09:07 [main] INFO  org.hibernate.Version - HHH000412: Hibernate ORM core version 6.6.5.Final
2025-03-24 10:09:07 [main] INFO  o.h.c.i.RegionFactoryInitiator - HHH000026: Second-level cache disabled
2025-03-24 10:09:07 [main] INFO  o.s.o.j.p.SpringPersistenceUnitInfo - No LoadTimeWeaver setup: ignoring JPA class transformer
2025-03-24 10:09:07 [main] INFO  com.zaxxer.hikari.HikariDataSource - HikariPool-1 - Starting...
2025-03-24 10:09:08 [main] INFO  com.zaxxer.hikari.pool.HikariPool - HikariPool-1 - Added connection org.postgresql.jdbc.PgConnection@18692e80
2025-03-24 10:09:08 [main] INFO  com.zaxxer.hikari.HikariDataSource - HikariPool-1 - Start completed.
2025-03-24 10:09:08 [main] WARN  org.hibernate.orm.deprecation - HHH90000025: PostgreSQLDialect does not need to be specified explicitly using 'hibernate.dialect' (remove the property setting and it will be selected by default)
2025-03-24 10:09:08 [main] INFO  o.hibernate.orm.connections.pooling - HHH10001005: Database info:
	Database JDBC URL [Connecting through datasource 'HikariDataSource (HikariPool-1)']
	Database driver: undefined/unknown
	Database version: 17.4
	Autocommit mode: undefined/unknown
	Isolation level: undefined/unknown
	Minimum pool size: undefined/unknown
	Maximum pool size: undefined/unknown
2025-03-24 10:09:09 [main] INFO  o.h.e.t.j.p.i.JtaPlatformInitiator - HHH000489: No JTA platform available (set 'hibernate.transaction.jta.platform' to enable JTA platform integration)
2025-03-24 10:09:10 [main] INFO  o.s.o.j.LocalContainerEntityManagerFactoryBean - Initialized JPA EntityManagerFactory for persistence unit 'default'
2025-03-24 10:09:10 [main] INFO  o.s.d.j.r.query.QueryEnhancerFactory - Hibernate is in classpath; If applicable, HQL parser will be used.
2025-03-24 10:09:12 [main] INFO  o.a.coyote.http11.Http11NioProtocol - Starting ProtocolHandler ["http-nio-8080"]
2025-03-24 10:09:12 [main] INFO  o.s.b.w.e.tomcat.TomcatWebServer - Tomcat started on port 8080 (http) with context path '/'
2025-03-24 10:09:12 [main] INFO  c.example.project.ProjectApplication - Started ProjectApplication in 8.96 seconds (process running for 10.077)
2025-03-24 10:09:14 [http-nio-8080-exec-1] INFO  o.a.c.c.C.[Tomcat].[localhost].[/] - Initializing Spring DispatcherServlet 'dispatcherServlet'
2025-03-24 10:09:14 [http-nio-8080-exec-1] INFO  o.s.web.servlet.DispatcherServlet - Initializing Servlet 'dispatcherServlet'
2025-03-24 10:09:14 [http-nio-8080-exec-1] INFO  o.s.web.servlet.DispatcherServlet - Completed initialization in 2 ms
2025-03-24 10:09:14 [http-nio-8080-exec-1] INFO  c.e.project.logging.LoggingAspect - Вызов метода: List com.example.project.service.impl.DealershipServiceImpl.findAllDealerships() с аргументами: []
2025-03-24 10:09:14 [http-nio-8080-exec-1] INFO  c.e.project.logging.LoggingAspect - Метод List com.example.project.service.impl.DealershipServiceImpl.findAllDealerships() выполнен успешно. Результат: [GetDealershipDTO(id=2, name=auto.by, address=ул. ..., cars=[302, 352]), GetDealershipDTO(id=3, name=av.by, address=ул. ...., cars=[102, 304])]
2025-03-24 10:09:18 [http-nio-8080-exec-2] INFO  c.e.project.logging.LoggingAspect - Вызов метода: List com.example.project.service.impl.ClientServiceImpl.findAllUsers() с аргументами: []
2025-03-24 10:09:18 [http-nio-8080-exec-2] INFO  c.e.project.logging.LoggingAspect - Метод List com.example.project.service.impl.ClientServiceImpl.findAllUsers() выполнен успешно. Результат: [GetClientDTO(id=2, name=max, phone=+12345678, interestedCars=[102, 302]), GetClientDTO(id=52, name=alex, phone=+375331236553, interestedCars=[352, 304, 302])]
2025-03-24 10:09:21 [http-nio-8080-exec-3] INFO  c.e.project.logging.LoggingAspect - Вызов метода: List com.example.project.service.impl.CarServiceImpl.showCars() с аргументами: []
2025-03-24 10:09:21 [http-nio-8080-exec-3] INFO  c.e.project.logging.LoggingAspect - Метод List com.example.project.service.impl.CarServiceImpl.showCars() выполнен успешно. Результат: [GetCarDTO(id=102, brand=GMC, model=Savana 1500, year=1998, price=38069.96, mileage=461593, vin=1GD22ZCG9DZ991356, status=RESERVED, transmission=MANUAL, color=Teal, engineType=ELECTRIC, interestedClients=[GetClientDTO(id=2, name=max, phone=+12345678, interestedCars=[102, 302])], dealershipId=GetDealershipDTO(id=3, name=av.by, address=ул. ...., cars=[102, 304])), GetCarDTO(id=302, brand=Mazda, model=MPV, year=1995, price=61332.6, mileage=222955, vin=WUARL48H89K255600, status=RESERVED, transmission=MANUAL, color=Aquamarine, engineType=DIESEL, interestedClients=[GetClientDTO(id=2, name=max, phone=+12345678, interestedCars=[102, 302]), GetClientDTO(id=52, name=alex, phone=+375331236553, interestedCars=[304, 352, 302])], dealershipId=GetDealershipDTO(id=2, name=auto.by, address=ул. ..., cars=[352, 302])), GetCarDTO(id=304, brand=Toyota, model=RAV4, year=2006, price=27830.53, mileage=163046, vin=2V4RW3DG1BR482586, status=RESERVED, transmission=MANUAL, color=Pink, engineType=HYBRID, interestedClients=[GetClientDTO(id=52, name=alex, phone=+375331236553, interestedCars=[304, 352, 302])], dealershipId=GetDealershipDTO(id=3, name=av.by, address=ул. ...., cars=[102, 304])), GetCarDTO(id=352, brand=Lincoln, model=MKX, year=2012, price=98009.96, mileage=169173, vin=1FTWW3A50AE965673, status=AVAILABLE, transmission=MANUAL, color=Goldenrod, engineType=PETROL, interestedClients=[GetClientDTO(id=52, name=alex, phone=+375331236553, interestedCars=[304, 352, 302])], dealershipId=GetDealershipDTO(id=2, name=auto.by, address=ул. ..., cars=[352, 302]))]
2025-03-24 10:09:24 [SpringApplicationShutdownHook] INFO  o.s.b.w.e.tomcat.GracefulShutdown - Commencing graceful shutdown. Waiting for active requests to complete
2025-03-24 10:09:25 [tomcat-shutdown] INFO  o.s.b.w.e.tomcat.GracefulShutdown - Graceful shutdown complete
2025-03-24 10:09:25 [SpringApplicationShutdownHook] INFO  o.s.o.j.LocalContainerEntityManagerFactoryBean - Closing JPA EntityManagerFactory for persistence unit 'default'
2025-03-24 10:09:25 [SpringApplicationShutdownHook] INFO  com.zaxxer.hikari.HikariDataSource - HikariPool-1 - Shutdown initiated...
2025-03-24 10:09:25 [SpringApplicationShutdownHook] INFO  com.zaxxer.hikari.HikariDataSource - HikariPool-1 - Shutdown completed.
